2023-06-05 18:44:57 INFO::Writing function arguments to log file
2023-06-05 18:44:57 DEBUG::Function arguments
2023-06-05 18:44:57 DEBUG::Output folder: tmp
2023-06-05 18:44:57 DEBUG::Min Abundance: 0.000000
2023-06-05 18:44:57 DEBUG::Min Prevalence: 0.050000
2023-06-05 18:44:57 DEBUG::Normalization: TSS
2023-06-05 18:44:57 DEBUG::Transform: LOG
2023-06-05 18:44:57 DEBUG::Analysis method: LM
2023-06-05 18:44:57 DEBUG::Max significance: 0.050000
2023-06-05 18:44:57 DEBUG::Random effects:
2023-06-05 18:44:57 DEBUG::Fixed effects: X
2023-06-05 18:44:57 DEBUG::Correction method: BH
2023-06-05 18:44:57 DEBUG::Standardize: FALSE
2023-06-05 18:44:57 DEBUG::Cores: 2
2023-06-05 18:44:57 INFO::Verifying options selected are valid
2023-06-05 18:44:57 INFO::Determining format of input files
2023-06-05 18:44:57 INFO::Input format is data samples as rows and metadata samples as rows
2023-06-05 18:44:57 DEBUG::A total of 100 samples were found in both the data and metadata
2023-06-05 18:44:57 DEBUG::Reordering data/metadata to use same sample ordering
2023-06-05 18:44:57 INFO::Formula for fixed effects: expr ~  X
2023-06-05 18:44:57 INFO::Filter data based on min abundance and min prevalence
2023-06-05 18:44:57 INFO::Total samples in data: 100
2023-06-05 18:44:57 INFO::Min samples required with min abundance for a feature not to be filtered: 5.000000
2023-06-05 18:44:57 INFO::Total filtered features: 0
2023-06-05 18:44:57 INFO::Filtered feature names from abundance and prevalence filtering:
2023-06-05 18:44:57 INFO::Total filtered features with variance filtering: 0
2023-06-05 18:44:57 INFO::Filtered feature names from variance filtering:
2023-06-05 18:44:57 INFO::Running selected normalization method: TSS
2023-06-05 18:44:57 INFO::Bypass z-score application to metadata
2023-06-05 18:44:57 INFO::Running selected transform method: LOG
2023-06-05 18:44:57 INFO::Running selected analysis method: LM
2023-06-05 18:44:57 INFO::Creating cluster of 2 R processes
2023-06-05 18:44:58 INFO::Counting total values for each feature
2023-06-05 18:44:58 WARNING::Deleting existing residuals file: tmp/residuals.rds
2023-06-05 18:44:58 INFO::Writing residuals to file tmp/residuals.rds
2023-06-05 18:44:58 WARNING::Deleting existing fitted file: tmp/fitted.rds
2023-06-05 18:44:58 INFO::Writing fitted values to file tmp/fitted.rds
2023-06-05 18:44:58 INFO::Writing all results to file (ordered by increasing q-values): tmp/all_results.tsv
2023-06-05 18:44:58 INFO::Writing the significant results (those which are less than or equal to the threshold of 0.050000 ) to file (ordered by increasing q-values): tmp/significant_results.tsv
2023-06-05 18:44:58 INFO::Counting total values for each feature
2023-06-05 18:44:58 WARNING::Deleting existing residuals file: tmp/residuals.rds
2023-06-05 18:44:58 INFO::Writing residuals to file tmp/residuals.rds
2023-06-05 18:44:58 WARNING::Deleting existing fitted file: tmp/fitted.rds
2023-06-05 18:44:58 INFO::Writing fitted values to file tmp/fitted.rds
2023-06-05 18:44:58 INFO::Writing all results to file (ordered by increasing q-values): tmp/all_results.tsv
2023-06-05 18:44:58 INFO::Writing the significant results (those which are less than or equal to the threshold of 0.050000 ) to file (ordered by increasing q-values): tmp/significant_results.tsv
2023-06-05 18:44:59 INFO::Counting total values for each feature
2023-06-05 18:44:59 INFO::Counting total values for each feature
p/residuals.rds
2023-06-05 18:44:59 INFO::Writing residuals to file tmp/residuals.rds
2023-06-05 18:44:59 WARNING::Deleting existing fitted file: tmp/fitted.rds
2023-06-05 18:44:59 WARNING::Deleting existing residuals file: tmp/residuals.rds
2023-06-05 18:44:59 INFO::Writing fitted values to file tmp/fitted.rds
2023-06-05 18:44:59 INFO::Writing residuals to file tmp/residuals.rds
2023-06-05 18:44:59 INFO::Writing all results to file (ordered by increasing q-values): tmp/all_results.tsv
2023-06-05 18:44:59 INFO::Writing the significant results (those which are less than or equal to the threshold of 0.050000 ) to file (ordered by increasing q-values): tmp/significant_results.tsv
2023-06-05 18:44:59 WARNING::Deleting existing fitted file: tmp/fitted.rds
2023-06-05 18:44:59 INFO::Writing fitted values to file tmp/fitted.rds
2023-06-05 18:44:59 INFO::Writing all results to file (ordered by increasing q-values): tmp/all_results.tsv
2023-06-05 18:44:59 INFO::Writing the significant results (those which are less than or equal to the threshold of 0.050000 ) to file (ordered by increasing q-values): tmp/significant_results.tsv
2023-06-05 18:44:59 INFO::Counting total values for each feature
2023-06-05 18:44:59 WARNING::Deleting existing residuals file: tmp/residuals.rds
2023-06-05 18:44:59 INFO::Writing residuals to file tmp/residuals.rds
2023-06-05 18:44:59 WARNING::Deleting existing fitted file: tmp/fitted.rds
2023-06-05 18:44:59 INFO::Writing fitted values to file tmp/fitted.rds
2023-06-05 18:44:59 INFO::Writing all results to file (ordered by increasing q-values): tmp/all_results.tsv
2023-06-05 18:44:59 INFO::Writing the significant results (those which are less than or equal to the threshold of 0.050000 ) to file (ordered by increasing q-values): tmp/significant_results.tsv
2023-06-05 18:45:00 INFO::Counting total values for each feature
2023-06-05 18:45:00 WARNING::Deleting existing residuals file: tmp/residuals.rds
2023-06-05 18:45:00 INFO::Writing residuals to file tmp/residuals.rds
2023-06-05 18:45:01 WARNING::Deleting existing fitted file: tmp/fitted.rds
2023-06-05 18:45:01 INFO::Writing fitted values to file tmp/fitted.rds
2023-06-05 18:45:01 INFO::Writing all results to file (ordered by increasing q-values): tmp/all_results.tsv
2023-06-05 18:45:01 INFO::Writing the significant results (those which are less than or equal to the threshold of 0.050000 ) to file (ordered by increasing q-values): tmp/significant_results.tsv
